c:\users\matth\onedrive\bureau\projets\lifesim\x64\debug\vc143.pdb
c:\users\matth\onedrive\bureau\projets\lifesim\x64\debug\vc143.idb
c:\users\matth\onedrive\bureau\projets\lifesim\x64\debug\system.obj
c:\users\matth\onedrive\bureau\projets\lifesim\x64\debug\reproductionsystem.obj
c:\users\matth\onedrive\bureau\projets\lifesim\x64\debug\rendersystem.obj
c:\users\matth\onedrive\bureau\projets\lifesim\x64\debug\positioncomponent.obj
c:\users\matth\onedrive\bureau\projets\lifesim\x64\debug\mutationsystem.obj
c:\users\matth\onedrive\bureau\projets\lifesim\x64\debug\entitymanager.obj
c:\users\matth\onedrive\bureau\projets\lifesim\x64\debug\entity.obj
c:\users\matth\onedrive\bureau\projets\lifesim\x64\debug\lifesim.obj
c:\users\matth\onedrive\bureau\projets\lifesim\x64\debug\physicssystem.obj
c:\users\matth\onedrive\bureau\projets\lifesim\x64\debug\lifesim.res
c:\users\matth\onedrive\bureau\projets\lifesim\x64\debug\lifesim.pdb
c:\users\matth\onedrive\bureau\projets\lifesim\x64\debug\lifesim.tlog\cl.command.1.tlog
c:\users\matth\onedrive\bureau\projets\lifesim\x64\debug\lifesim.tlog\cl.read.1.tlog
c:\users\matth\onedrive\bureau\projets\lifesim\x64\debug\lifesim.tlog\cl.write.1.tlog
c:\users\matth\onedrive\bureau\projets\lifesim\x64\debug\lifesim.tlog\link-cvtres.read.1.tlog
c:\users\matth\onedrive\bureau\projets\lifesim\x64\debug\lifesim.tlog\link-cvtres.write.1.tlog
c:\users\matth\onedrive\bureau\projets\lifesim\x64\debug\lifesim.tlog\link-rc.read.1.tlog
c:\users\matth\onedrive\bureau\projets\lifesim\x64\debug\lifesim.tlog\link-rc.write.1.tlog
c:\users\matth\onedrive\bureau\projets\lifesim\x64\debug\lifesim.tlog\link.command.1.tlog
c:\users\matth\onedrive\bureau\projets\lifesim\x64\debug\lifesim.tlog\link.read.1.tlog
c:\users\matth\onedrive\bureau\projets\lifesim\x64\debug\lifesim.tlog\link.read.2.tlog
c:\users\matth\onedrive\bureau\projets\lifesim\x64\debug\lifesim.tlog\link.read.3.tlog
c:\users\matth\onedrive\bureau\projets\lifesim\x64\debug\lifesim.tlog\link.write.1.tlog
c:\users\matth\onedrive\bureau\projets\lifesim\x64\debug\lifesim.tlog\rc.command.1.tlog
c:\users\matth\onedrive\bureau\projets\lifesim\x64\debug\lifesim.tlog\rc.read.1.tlog
c:\users\matth\onedrive\bureau\projets\lifesim\x64\debug\lifesim.tlog\rc.write.1.tlog
